<?xml version="1.0" encoding="UTF-8"?>
<!-- Generated by org.testng.reporters.JUnitReportReporter -->
<testsuite skipped="0" hostname="LAPTOP-VQNA19QV" name="day_1.croma" tests="2" failures="0" timestamp="09 Nov 2022 10:44:26 GMT" time="45.888" errors="0">
  <testcase name="test1" time="19.831" classname="day_1.croma"/>
  <testcase name="test2" time="26.057" classname="day_1.croma"/>
</testsuite> <!-- day_1.croma -->
