<?xml version="1.0" encoding="UTF-8"?>
<!-- Generated by org.testng.reporters.JUnitReportReporter -->
<testsuite skipped="0" hostname="LAPTOP-VQNA19QV" name="day_1.croma" tests="1" failures="0" timestamp="12 Nov 2022 10:46:12 GMT" time="15.239" errors="0">
  <testcase name="test1" time="15.239" classname="day_1.croma"/>
</testsuite> <!-- day_1.croma -->
